<?xml version="1.0" encoding="UTF-8"?>
<!-- Generated by org.testng.reporters.JUnitReportReporter -->
<testsuite hostname="Rupjit-VAIO" name="shopSuite.CheckProductDisplay" tests="1" failures="0" timestamp="25 Jan 2016 21:24:55 GMT" time="8.873" errors="0">
  <testcase name="testcaseA2" time="8.873" classname="shopSuite.CheckProductDisplay"/>
</testsuite> <!-- shopSuite.CheckProductDisplay -->
