<?xml version="1.0" encoding="UTF-8"?>
<!-- Generated by org.testng.reporters.JUnitReportReporter -->
<testsuite hostname="Rupjit-VAIO" name="shopSuite.AddProductTest" tests="3" failures="0" timestamp="23 Jan 2016 21:41:58 GMT" time="0.545" errors="0">
  <testcase name="testcaseA1" time="0.350" classname="shopSuite.AddProductTest"/>
  <testcase name="testcaseA1" time="0.090" classname="shopSuite.AddProductTest"/>
  <testcase name="testcaseA1" time="0.105" classname="shopSuite.AddProductTest"/>
</testsuite> <!-- shopSuite.AddProductTest -->
