<?xml version="1.0" encoding="UTF-8"?>
<!-- Generated by org.testng.reporters.JUnitReportReporter -->
<testsuite hostname="Rupjit-VAIO" name="shopSuite.CheckProductDisplay" tests="1" failures="0" timestamp="23 Jan 2016 19:58:12 GMT" time="0.000" errors="0">
  <testcase name="testcaseA2" time="0.000" classname="shopSuite.CheckProductDisplay"/>
</testsuite> <!-- shopSuite.CheckProductDisplay -->
