<?xml version="1.0" encoding="UTF-8"?>
<!-- Generated by org.testng.reporters.JUnitReportReporter -->
<testsuite hostname="Rupjit-VAIO" name="shopSuite.AddProductTest" tests="3" failures="0" timestamp="23 Jan 2016 19:58:12 GMT" time="2.116" errors="0">
  <testcase name="testcaseA1" time="1.905" classname="shopSuite.AddProductTest"/>
  <testcase name="testcaseA1" time="0.086" classname="shopSuite.AddProductTest"/>
  <testcase name="testcaseA1" time="0.125" classname="shopSuite.AddProductTest"/>
</testsuite> <!-- shopSuite.AddProductTest -->
