<?xml version="1.0" encoding="UTF-8"?>
<!-- Generated by org.testng.reporters.JUnitReportReporter -->
<testsuite hostname="Rupjit-VAIO" name="shopSuite.AddProductTest" tests="3" failures="0" timestamp="21 Jan 2016 16:31:39 GMT" time="1.662" errors="0">
  <testcase name="testcaseA1" time="0.097" classname="shopSuite.AddProductTest"/>
  <testcase name="testcaseA1" time="1.499" classname="shopSuite.AddProductTest"/>
  <testcase name="testcaseA1" time="0.066" classname="shopSuite.AddProductTest"/>
</testsuite> <!-- shopSuite.AddProductTest -->
