<?xml version="1.0" encoding="UTF-8"?>
<!-- Generated by org.testng.reporters.JUnitReportReporter -->
<testsuite hostname="Rupjit-VAIO" name="shopSuite.CheckProductDisplay" tests="1" failures="0" timestamp="21 Jan 2016 16:31:39 GMT" time="0.001" errors="0">
  <testcase name="testcaseA2" time="0.001" classname="shopSuite.CheckProductDisplay"/>
</testsuite> <!-- shopSuite.CheckProductDisplay -->
